<?xml version="1.0" encoding="UTF-8"?>
<testsuite xmlns:xsi="http://www.w3.org/2001/XMLSchema-instance" xsi:noNamespaceSchemaLocation="https://maven.apache.org/surefire/maven-surefire-plugin/xsd/surefire-test-report-3.0.xsd" version="3.0" name="org.e2e.e2e.driver.DriverControllerSecurityTest" time="1.485" tests="10" errors="0" skipped="0" failures="0">
  <properties>
    <property name="java.specification.version" value="22"/>
    <property name="sun.jnu.encoding" value="UTF-8"/>
    <property name="java.class.path" value="/Users/mateonoel/Desktop/lab-e2e-20241-04-mateo/target/test-classes:/Users/mateonoel/Desktop/lab-e2e-20241-04-mateo/target/classes:/Users/mateonoel/.m2/repository/org/springframework/boot/spring-boot-starter-data-jpa/3.2.3/spring-boot-starter-data-jpa-3.2.3.jar:/Users/mateonoel/.m2/repository/org/springframework/boot/spring-boot-starter-aop/3.2.3/spring-boot-starter-aop-3.2.3.jar:/Users/mateonoel/.m2/repository/org/aspectj/aspectjweaver/1.9.21/aspectjweaver-1.9.21.jar:/Users/mateonoel/.m2/repository/org/springframework/boot/spring-boot-starter-jdbc/3.2.3/spring-boot-starter-jdbc-3.2.3.jar:/Users/mateonoel/.m2/repository/com/zaxxer/HikariCP/5.0.1/HikariCP-5.0.1.jar:/Users/mateonoel/.m2/repository/org/springframework/spring-jdbc/6.1.4/spring-jdbc-6.1.4.jar:/Users/mateonoel/.m2/repository/org/hibernate/orm/hibernate-core/6.4.4.Final/hibernate-core-6.4.4.Final.jar:/Users/mateonoel/.m2/repository/jakarta/persistence/jakarta.persistence-api/3.1.0/jakarta.persistence-api-3.1.0.jar:/Users/mateonoel/.m2/repository/jakarta/transaction/jakarta.transaction-api/2.0.1/jakarta.transaction-api-2.0.1.jar:/Users/mateonoel/.m2/repository/org/hibernate/common/hibernate-commons-annotations/6.0.6.Final/hibernate-commons-annotations-6.0.6.Final.jar:/Users/mateonoel/.m2/repository/io/smallrye/jandex/3.1.2/jandex-3.1.2.jar:/Users/mateonoel/.m2/repository/net/bytebuddy/byte-buddy/1.14.12/byte-buddy-1.14.12.jar:/Users/mateonoel/.m2/repository/org/glassfish/jaxb/jaxb-runtime/4.0.4/jaxb-runtime-4.0.4.jar:/Users/mateonoel/.m2/repository/org/glassfish/jaxb/jaxb-core/4.0.4/jaxb-core-4.0.4.jar:/Users/mateonoel/.m2/repository/org/eclipse/angus/angus-activation/2.0.1/angus-activation-2.0.1.jar:/Users/mateonoel/.m2/repository/org/glassfish/jaxb/txw2/4.0.4/txw2-4.0.4.jar:/Users/mateonoel/.m2/repository/com/sun/istack/istack-commons-runtime/4.1.2/istack-commons-runtime-4.1.2.jar:/Users/mateonoel/.m2/repository/jakarta/inject/jakarta.inject-api/2.0.1/jakarta.inject-api-2.0.1.jar:/Users/mateonoel/.m2/repository/org/antlr/antlr4-runtime/4.13.0/antlr4-runtime-4.13.0.jar:/Users/mateonoel/.m2/repository/org/springframework/data/spring-data-jpa/3.2.3/spring-data-jpa-3.2.3.jar:/Users/mateonoel/.m2/repository/org/springframework/data/spring-data-commons/3.2.3/spring-data-commons-3.2.3.jar:/Users/mateonoel/.m2/repository/org/springframework/spring-orm/6.1.4/spring-orm-6.1.4.jar:/Users/mateonoel/.m2/repository/org/springframework/spring-tx/6.1.4/spring-tx-6.1.4.jar:/Users/mateonoel/.m2/repository/jakarta/annotation/jakarta.annotation-api/2.1.1/jakarta.annotation-api-2.1.1.jar:/Users/mateonoel/.m2/repository/org/slf4j/slf4j-api/2.0.12/slf4j-api-2.0.12.jar:/Users/mateonoel/.m2/repository/org/springframework/spring-aspects/6.1.4/spring-aspects-6.1.4.jar:/Users/mateonoel/.m2/repository/org/springframework/boot/spring-boot-starter-web/3.2.3/spring-boot-starter-web-3.2.3.jar:/Users/mateonoel/.m2/repository/org/springframework/boot/spring-boot-starter/3.2.3/spring-boot-starter-3.2.3.jar:/Users/mateonoel/.m2/repository/org/springframework/boot/spring-boot/3.2.3/spring-boot-3.2.3.jar:/Users/mateonoel/.m2/repository/org/springframework/boot/spring-boot-autoconfigure/3.2.3/spring-boot-autoconfigure-3.2.3.jar:/Users/mateonoel/.m2/repository/org/springframework/boot/spring-boot-starter-logging/3.2.3/spring-boot-starter-logging-3.2.3.jar:/Users/mateonoel/.m2/repository/ch/qos/logback/logback-classic/1.4.14/logback-classic-1.4.14.jar:/Users/mateonoel/.m2/repository/ch/qos/logback/logback-core/1.4.14/logback-core-1.4.14.jar:/Users/mateonoel/.m2/repository/org/apache/logging/log4j/log4j-to-slf4j/2.21.1/log4j-to-slf4j-2.21.1.jar:/Users/mateonoel/.m2/repository/org/apache/logging/log4j/log4j-api/2.21.1/log4j-api-2.21.1.jar:/Users/mateonoel/.m2/repository/org/slf4j/jul-to-slf4j/2.0.12/jul-to-slf4j-2.0.12.jar:/Users/mateonoel/.m2/repository/org/yaml/snakeyaml/2.2/snakeyaml-2.2.jar:/Users/mateonoel/.m2/repository/org/springframework/boot/spring-boot-starter-json/3.2.3/spring-boot-starter-json-3.2.3.jar:/Users/mateonoel/.m2/repository/com/fasterxml/jackson/datatype/jackson-datatype-jdk8/2.15.4/jackson-datatype-jdk8-2.15.4.jar:/Users/mateonoel/.m2/repository/com/fasterxml/jackson/datatype/jackson-datatype-jsr310/2.15.4/jackson-datatype-jsr310-2.15.4.jar:/Users/mateonoel/.m2/repository/com/fasterxml/jackson/module/jackson-module-parameter-names/2.15.4/jackson-module-parameter-names-2.15.4.jar:/Users/mateonoel/.m2/repository/org/springframework/boot/spring-boot-starter-tomcat/3.2.3/spring-boot-starter-tomcat-3.2.3.jar:/Users/mateonoel/.m2/repository/org/apache/tomcat/embed/tomcat-embed-core/10.1.19/tomcat-embed-core-10.1.19.jar:/Users/mateonoel/.m2/repository/org/apache/tomcat/embed/tomcat-embed-el/10.1.19/tomcat-embed-el-10.1.19.jar:/Users/mateonoel/.m2/repository/org/apache/tomcat/embed/tomcat-embed-websocket/10.1.19/tomcat-embed-websocket-10.1.19.jar:/Users/mateonoel/.m2/repository/org/springframework/spring-web/6.1.4/spring-web-6.1.4.jar:/Users/mateonoel/.m2/repository/io/micrometer/micrometer-observation/1.12.3/micrometer-observation-1.12.3.jar:/Users/mateonoel/.m2/repository/io/micrometer/micrometer-commons/1.12.3/micrometer-commons-1.12.3.jar:/Users/mateonoel/.m2/repository/org/springframework/spring-webmvc/6.1.4/spring-webmvc-6.1.4.jar:/Users/mateonoel/.m2/repository/org/postgresql/postgresql/42.6.1/postgresql-42.6.1.jar:/Users/mateonoel/.m2/repository/org/checkerframework/checker-qual/3.31.0/checker-qual-3.31.0.jar:/Users/mateonoel/.m2/repository/org/projectlombok/lombok/1.18.30/lombok-1.18.30.jar:/Users/mateonoel/.m2/repository/org/springframework/boot/spring-boot-starter-test/3.2.3/spring-boot-starter-test-3.2.3.jar:/Users/mateonoel/.m2/repository/org/springframework/boot/spring-boot-test/3.2.3/spring-boot-test-3.2.3.jar:/Users/mateonoel/.m2/repository/org/springframework/boot/spring-boot-test-autoconfigure/3.2.3/spring-boot-test-autoconfigure-3.2.3.jar:/Users/mateonoel/.m2/repository/com/jayway/jsonpath/json-path/2.9.0/json-path-2.9.0.jar:/Users/mateonoel/.m2/repository/jakarta/xml/bind/jakarta.xml.bind-api/4.0.1/jakarta.xml.bind-api-4.0.1.jar:/Users/mateonoel/.m2/repository/jakarta/activation/jakarta.activation-api/2.1.2/jakarta.activation-api-2.1.2.jar:/Users/mateonoel/.m2/repository/net/minidev/json-smart/2.5.0/json-smart-2.5.0.jar:/Users/mateonoel/.m2/repository/net/minidev/accessors-smart/2.5.0/accessors-smart-2.5.0.jar:/Users/mateonoel/.m2/repository/org/ow2/asm/asm/9.3/asm-9.3.jar:/Users/mateonoel/.m2/repository/org/assertj/assertj-core/3.24.2/assertj-core-3.24.2.jar:/Users/mateonoel/.m2/repository/org/awaitility/awaitility/4.2.0/awaitility-4.2.0.jar:/Users/mateonoel/.m2/repository/org/hamcrest/hamcrest/2.2/hamcrest-2.2.jar:/Users/mateonoel/.m2/repository/org/junit/jupiter/junit-jupiter/5.10.2/junit-jupiter-5.10.2.jar:/Users/mateonoel/.m2/repository/org/junit/jupiter/junit-jupiter-api/5.10.2/junit-jupiter-api-5.10.2.jar:/Users/mateonoel/.m2/repository/org/opentest4j/opentest4j/1.3.0/opentest4j-1.3.0.jar:/Users/mateonoel/.m2/repository/org/junit/platform/junit-platform-commons/1.10.2/junit-platform-commons-1.10.2.jar:/Users/mateonoel/.m2/repository/org/apiguardian/apiguardian-api/1.1.2/apiguardian-api-1.1.2.jar:/Users/mateonoel/.m2/repository/org/junit/jupiter/junit-jupiter-params/5.10.2/junit-jupiter-params-5.10.2.jar:/Users/mateonoel/.m2/repository/org/junit/jupiter/junit-jupiter-engine/5.10.2/junit-jupiter-engine-5.10.2.jar:/Users/mateonoel/.m2/repository/org/junit/platform/junit-platform-engine/1.10.2/junit-platform-engine-1.10.2.jar:/Users/mateonoel/.m2/repository/org/mockito/mockito-core/5.7.0/mockito-core-5.7.0.jar:/Users/mateonoel/.m2/repository/net/bytebuddy/byte-buddy-agent/1.14.12/byte-buddy-agent-1.14.12.jar:/Users/mateonoel/.m2/repository/org/objenesis/objenesis/3.3/objenesis-3.3.jar:/Users/mateonoel/.m2/repository/org/mockito/mockito-junit-jupiter/5.7.0/mockito-junit-jupiter-5.7.0.jar:/Users/mateonoel/.m2/repository/org/skyscreamer/jsonassert/1.5.1/jsonassert-1.5.1.jar:/Users/mateonoel/.m2/repository/com/vaadin/external/google/android-json/0.0.20131108.vaadin1/android-json-0.0.20131108.vaadin1.jar:/Users/mateonoel/.m2/repository/org/springframework/spring-core/6.1.4/spring-core-6.1.4.jar:/Users/mateonoel/.m2/repository/org/springframework/spring-jcl/6.1.4/spring-jcl-6.1.4.jar:/Users/mateonoel/.m2/repository/org/springframework/spring-test/6.1.4/spring-test-6.1.4.jar:/Users/mateonoel/.m2/repository/org/xmlunit/xmlunit-core/2.9.1/xmlunit-core-2.9.1.jar:/Users/mateonoel/.m2/repository/org/hibernate/validator/hibernate-validator/8.0.0.Final/hibernate-validator-8.0.0.Final.jar:/Users/mateonoel/.m2/repository/jakarta/validation/jakarta.validation-api/3.0.2/jakarta.validation-api-3.0.2.jar:/Users/mateonoel/.m2/repository/org/jboss/logging/jboss-logging/3.5.3.Final/jboss-logging-3.5.3.Final.jar:/Users/mateonoel/.m2/repository/com/fasterxml/classmate/1.6.0/classmate-1.6.0.jar:/Users/mateonoel/.m2/repository/org/springframework/boot/spring-boot-starter-security/3.2.3/spring-boot-starter-security-3.2.3.jar:/Users/mateonoel/.m2/repository/org/springframework/spring-aop/6.1.4/spring-aop-6.1.4.jar:/Users/mateonoel/.m2/repository/org/springframework/security/spring-security-config/6.2.2/spring-security-config-6.2.2.jar:/Users/mateonoel/.m2/repository/org/springframework/security/spring-security-web/6.2.2/spring-security-web-6.2.2.jar:/Users/mateonoel/.m2/repository/org/springframework/security/spring-security-test/6.2.2/spring-security-test-6.2.2.jar:/Users/mateonoel/.m2/repository/org/springframework/security/spring-security-core/6.2.2/spring-security-core-6.2.2.jar:/Users/mateonoel/.m2/repository/org/springframework/security/spring-security-crypto/6.2.2/spring-security-crypto-6.2.2.jar:/Users/mateonoel/.m2/repository/com/auth0/java-jwt/4.4.0/java-jwt-4.4.0.jar:/Users/mateonoel/.m2/repository/com/fasterxml/jackson/core/jackson-databind/2.15.4/jackson-databind-2.15.4.jar:/Users/mateonoel/.m2/repository/com/fasterxml/jackson/core/jackson-annotations/2.15.4/jackson-annotations-2.15.4.jar:/Users/mateonoel/.m2/repository/com/fasterxml/jackson/core/jackson-core/2.15.4/jackson-core-2.15.4.jar:/Users/mateonoel/.m2/repository/org/modelmapper/modelmapper/3.0.0/modelmapper-3.0.0.jar:/Users/mateonoel/.m2/repository/org/testcontainers/postgresql/1.19.5/postgresql-1.19.5.jar:/Users/mateonoel/.m2/repository/org/testcontainers/jdbc/1.19.5/jdbc-1.19.5.jar:/Users/mateonoel/.m2/repository/org/testcontainers/database-commons/1.19.5/database-commons-1.19.5.jar:/Users/mateonoel/.m2/repository/org/testcontainers/testcontainers/1.19.5/testcontainers-1.19.5.jar:/Users/mateonoel/.m2/repository/junit/junit/4.13.2/junit-4.13.2.jar:/Users/mateonoel/.m2/repository/org/hamcrest/hamcrest-core/2.2/hamcrest-core-2.2.jar:/Users/mateonoel/.m2/repository/org/apache/commons/commons-compress/1.24.0/commons-compress-1.24.0.jar:/Users/mateonoel/.m2/repository/org/rnorth/duct-tape/duct-tape/1.0.8/duct-tape-1.0.8.jar:/Users/mateonoel/.m2/repository/org/jetbrains/annotations/17.0.0/annotations-17.0.0.jar:/Users/mateonoel/.m2/repository/com/github/docker-java/docker-java-api/3.3.4/docker-java-api-3.3.4.jar:/Users/mateonoel/.m2/repository/com/github/docker-java/docker-java-transport-zerodep/3.3.4/docker-java-transport-zerodep-3.3.4.jar:/Users/mateonoel/.m2/repository/com/github/docker-java/docker-java-transport/3.3.4/docker-java-transport-3.3.4.jar:/Users/mateonoel/.m2/repository/net/java/dev/jna/jna/5.13.0/jna-5.13.0.jar:/Users/mateonoel/.m2/repository/com/h2database/h2/2.2.224/h2-2.2.224.jar:/Users/mateonoel/.m2/repository/com/uber/h3/4.1.1/h3-4.1.1.jar:/Users/mateonoel/.m2/repository/org/springframework/security/spring-security-messaging/6.2.2/spring-security-messaging-6.2.2.jar:/Users/mateonoel/.m2/repository/org/springframework/spring-beans/6.1.4/spring-beans-6.1.4.jar:/Users/mateonoel/.m2/repository/org/springframework/spring-context/6.1.4/spring-context-6.1.4.jar:/Users/mateonoel/.m2/repository/org/springframework/spring-expression/6.1.4/spring-expression-6.1.4.jar:/Users/mateonoel/.m2/repository/org/springframework/spring-messaging/6.1.4/spring-messaging-6.1.4.jar:"/>
    <property name="java.vm.vendor" value="Oracle Corporation"/>
    <property name="sun.arch.data.model" value="64"/>
    <property name="java.vendor.url" value="https://java.oracle.com/"/>
    <property name="user.timezone" value="America/Lima"/>
    <property name="org.jboss.logging.provider" value="slf4j"/>
    <property name="os.name" value="Mac OS X"/>
    <property name="java.vm.specification.version" value="22"/>
    <property name="sun.java.launcher" value="SUN_STANDARD"/>
    <property name="user.country" value="PE"/>
    <property name="sun.boot.library.path" value="/Users/mateonoel/Library/Java/JavaVirtualMachines/openjdk-22.0.1/Contents/Home/lib"/>
    <property name="sun.java.command" value="/Users/mateonoel/Desktop/lab-e2e-20241-04-mateo/target/surefire/surefirebooter-20240507163429302_3.jar /Users/mateonoel/Desktop/lab-e2e-20241-04-mateo/target/surefire 2024-05-07T16-34-29_272-jvmRun1 surefire-20240507163429302_1tmp surefire_0-20240507163429302_2tmp"/>
    <property name="http.nonProxyHosts" value="local|*.local|169.254/16|*.169.254/16"/>
    <property name="jdk.debug" value="release"/>
    <property name="surefire.test.class.path" value="/Users/mateonoel/Desktop/lab-e2e-20241-04-mateo/target/test-classes:/Users/mateonoel/Desktop/lab-e2e-20241-04-mateo/target/classes:/Users/mateonoel/.m2/repository/org/springframework/boot/spring-boot-starter-data-jpa/3.2.3/spring-boot-starter-data-jpa-3.2.3.jar:/Users/mateonoel/.m2/repository/org/springframework/boot/spring-boot-starter-aop/3.2.3/spring-boot-starter-aop-3.2.3.jar:/Users/mateonoel/.m2/repository/org/aspectj/aspectjweaver/1.9.21/aspectjweaver-1.9.21.jar:/Users/mateonoel/.m2/repository/org/springframework/boot/spring-boot-starter-jdbc/3.2.3/spring-boot-starter-jdbc-3.2.3.jar:/Users/mateonoel/.m2/repository/com/zaxxer/HikariCP/5.0.1/HikariCP-5.0.1.jar:/Users/mateonoel/.m2/repository/org/springframework/spring-jdbc/6.1.4/spring-jdbc-6.1.4.jar:/Users/mateonoel/.m2/repository/org/hibernate/orm/hibernate-core/6.4.4.Final/hibernate-core-6.4.4.Final.jar:/Users/mateonoel/.m2/repository/jakarta/persistence/jakarta.persistence-api/3.1.0/jakarta.persistence-api-3.1.0.jar:/Users/mateonoel/.m2/repository/jakarta/transaction/jakarta.transaction-api/2.0.1/jakarta.transaction-api-2.0.1.jar:/Users/mateonoel/.m2/repository/org/hibernate/common/hibernate-commons-annotations/6.0.6.Final/hibernate-commons-annotations-6.0.6.Final.jar:/Users/mateonoel/.m2/repository/io/smallrye/jandex/3.1.2/jandex-3.1.2.jar:/Users/mateonoel/.m2/repository/net/bytebuddy/byte-buddy/1.14.12/byte-buddy-1.14.12.jar:/Users/mateonoel/.m2/repository/org/glassfish/jaxb/jaxb-runtime/4.0.4/jaxb-runtime-4.0.4.jar:/Users/mateonoel/.m2/repository/org/glassfish/jaxb/jaxb-core/4.0.4/jaxb-core-4.0.4.jar:/Users/mateonoel/.m2/repository/org/eclipse/angus/angus-activation/2.0.1/angus-activation-2.0.1.jar:/Users/mateonoel/.m2/repository/org/glassfish/jaxb/txw2/4.0.4/txw2-4.0.4.jar:/Users/mateonoel/.m2/repository/com/sun/istack/istack-commons-runtime/4.1.2/istack-commons-runtime-4.1.2.jar:/Users/mateonoel/.m2/repository/jakarta/inject/jakarta.inject-api/2.0.1/jakarta.inject-api-2.0.1.jar:/Users/mateonoel/.m2/repository/org/antlr/antlr4-runtime/4.13.0/antlr4-runtime-4.13.0.jar:/Users/mateonoel/.m2/repository/org/springframework/data/spring-data-jpa/3.2.3/spring-data-jpa-3.2.3.jar:/Users/mateonoel/.m2/repository/org/springframework/data/spring-data-commons/3.2.3/spring-data-commons-3.2.3.jar:/Users/mateonoel/.m2/repository/org/springframework/spring-orm/6.1.4/spring-orm-6.1.4.jar:/Users/mateonoel/.m2/repository/org/springframework/spring-tx/6.1.4/spring-tx-6.1.4.jar:/Users/mateonoel/.m2/repository/jakarta/annotation/jakarta.annotation-api/2.1.1/jakarta.annotation-api-2.1.1.jar:/Users/mateonoel/.m2/repository/org/slf4j/slf4j-api/2.0.12/slf4j-api-2.0.12.jar:/Users/mateonoel/.m2/repository/org/springframework/spring-aspects/6.1.4/spring-aspects-6.1.4.jar:/Users/mateonoel/.m2/repository/org/springframework/boot/spring-boot-starter-web/3.2.3/spring-boot-starter-web-3.2.3.jar:/Users/mateonoel/.m2/repository/org/springframework/boot/spring-boot-starter/3.2.3/spring-boot-starter-3.2.3.jar:/Users/mateonoel/.m2/repository/org/springframework/boot/spring-boot/3.2.3/spring-boot-3.2.3.jar:/Users/mateonoel/.m2/repository/org/springframework/boot/spring-boot-autoconfigure/3.2.3/spring-boot-autoconfigure-3.2.3.jar:/Users/mateonoel/.m2/repository/org/springframework/boot/spring-boot-starter-logging/3.2.3/spring-boot-starter-logging-3.2.3.jar:/Users/mateonoel/.m2/repository/ch/qos/logback/logback-classic/1.4.14/logback-classic-1.4.14.jar:/Users/mateonoel/.m2/repository/ch/qos/logback/logback-core/1.4.14/logback-core-1.4.14.jar:/Users/mateonoel/.m2/repository/org/apache/logging/log4j/log4j-to-slf4j/2.21.1/log4j-to-slf4j-2.21.1.jar:/Users/mateonoel/.m2/repository/org/apache/logging/log4j/log4j-api/2.21.1/log4j-api-2.21.1.jar:/Users/mateonoel/.m2/repository/org/slf4j/jul-to-slf4j/2.0.12/jul-to-slf4j-2.0.12.jar:/Users/mateonoel/.m2/repository/org/yaml/snakeyaml/2.2/snakeyaml-2.2.jar:/Users/mateonoel/.m2/repository/org/springframework/boot/spring-boot-starter-json/3.2.3/spring-boot-starter-json-3.2.3.jar:/Users/mateonoel/.m2/repository/com/fasterxml/jackson/datatype/jackson-datatype-jdk8/2.15.4/jackson-datatype-jdk8-2.15.4.jar:/Users/mateonoel/.m2/repository/com/fasterxml/jackson/datatype/jackson-datatype-jsr310/2.15.4/jackson-datatype-jsr310-2.15.4.jar:/Users/mateonoel/.m2/repository/com/fasterxml/jackson/module/jackson-module-parameter-names/2.15.4/jackson-module-parameter-names-2.15.4.jar:/Users/mateonoel/.m2/repository/org/springframework/boot/spring-boot-starter-tomcat/3.2.3/spring-boot-starter-tomcat-3.2.3.jar:/Users/mateonoel/.m2/repository/org/apache/tomcat/embed/tomcat-embed-core/10.1.19/tomcat-embed-core-10.1.19.jar:/Users/mateonoel/.m2/repository/org/apache/tomcat/embed/tomcat-embed-el/10.1.19/tomcat-embed-el-10.1.19.jar:/Users/mateonoel/.m2/repository/org/apache/tomcat/embed/tomcat-embed-websocket/10.1.19/tomcat-embed-websocket-10.1.19.jar:/Users/mateonoel/.m2/repository/org/springframework/spring-web/6.1.4/spring-web-6.1.4.jar:/Users/mateonoel/.m2/repository/io/micrometer/micrometer-observation/1.12.3/micrometer-observation-1.12.3.jar:/Users/mateonoel/.m2/repository/io/micrometer/micrometer-commons/1.12.3/micrometer-commons-1.12.3.jar:/Users/mateonoel/.m2/repository/org/springframework/spring-webmvc/6.1.4/spring-webmvc-6.1.4.jar:/Users/mateonoel/.m2/repository/org/postgresql/postgresql/42.6.1/postgresql-42.6.1.jar:/Users/mateonoel/.m2/repository/org/checkerframework/checker-qual/3.31.0/checker-qual-3.31.0.jar:/Users/mateonoel/.m2/repository/org/projectlombok/lombok/1.18.30/lombok-1.18.30.jar:/Users/mateonoel/.m2/repository/org/springframework/boot/spring-boot-starter-test/3.2.3/spring-boot-starter-test-3.2.3.jar:/Users/mateonoel/.m2/repository/org/springframework/boot/spring-boot-test/3.2.3/spring-boot-test-3.2.3.jar:/Users/mateonoel/.m2/repository/org/springframework/boot/spring-boot-test-autoconfigure/3.2.3/spring-boot-test-autoconfigure-3.2.3.jar:/Users/mateonoel/.m2/repository/com/jayway/jsonpath/json-path/2.9.0/json-path-2.9.0.jar:/Users/mateonoel/.m2/repository/jakarta/xml/bind/jakarta.xml.bind-api/4.0.1/jakarta.xml.bind-api-4.0.1.jar:/Users/mateonoel/.m2/repository/jakarta/activation/jakarta.activation-api/2.1.2/jakarta.activation-api-2.1.2.jar:/Users/mateonoel/.m2/repository/net/minidev/json-smart/2.5.0/json-smart-2.5.0.jar:/Users/mateonoel/.m2/repository/net/minidev/accessors-smart/2.5.0/accessors-smart-2.5.0.jar:/Users/mateonoel/.m2/repository/org/ow2/asm/asm/9.3/asm-9.3.jar:/Users/mateonoel/.m2/repository/org/assertj/assertj-core/3.24.2/assertj-core-3.24.2.jar:/Users/mateonoel/.m2/repository/org/awaitility/awaitility/4.2.0/awaitility-4.2.0.jar:/Users/mateonoel/.m2/repository/org/hamcrest/hamcrest/2.2/hamcrest-2.2.jar:/Users/mateonoel/.m2/repository/org/junit/jupiter/junit-jupiter/5.10.2/junit-jupiter-5.10.2.jar:/Users/mateonoel/.m2/repository/org/junit/jupiter/junit-jupiter-api/5.10.2/junit-jupiter-api-5.10.2.jar:/Users/mateonoel/.m2/repository/org/opentest4j/opentest4j/1.3.0/opentest4j-1.3.0.jar:/Users/mateonoel/.m2/repository/org/junit/platform/junit-platform-commons/1.10.2/junit-platform-commons-1.10.2.jar:/Users/mateonoel/.m2/repository/org/apiguardian/apiguardian-api/1.1.2/apiguardian-api-1.1.2.jar:/Users/mateonoel/.m2/repository/org/junit/jupiter/junit-jupiter-params/5.10.2/junit-jupiter-params-5.10.2.jar:/Users/mateonoel/.m2/repository/org/junit/jupiter/junit-jupiter-engine/5.10.2/junit-jupiter-engine-5.10.2.jar:/Users/mateonoel/.m2/repository/org/junit/platform/junit-platform-engine/1.10.2/junit-platform-engine-1.10.2.jar:/Users/mateonoel/.m2/repository/org/mockito/mockito-core/5.7.0/mockito-core-5.7.0.jar:/Users/mateonoel/.m2/repository/net/bytebuddy/byte-buddy-agent/1.14.12/byte-buddy-agent-1.14.12.jar:/Users/mateonoel/.m2/repository/org/objenesis/objenesis/3.3/objenesis-3.3.jar:/Users/mateonoel/.m2/repository/org/mockito/mockito-junit-jupiter/5.7.0/mockito-junit-jupiter-5.7.0.jar:/Users/mateonoel/.m2/repository/org/skyscreamer/jsonassert/1.5.1/jsonassert-1.5.1.jar:/Users/mateonoel/.m2/repository/com/vaadin/external/google/android-json/0.0.20131108.vaadin1/android-json-0.0.20131108.vaadin1.jar:/Users/mateonoel/.m2/repository/org/springframework/spring-core/6.1.4/spring-core-6.1.4.jar:/Users/mateonoel/.m2/repository/org/springframework/spring-jcl/6.1.4/spring-jcl-6.1.4.jar:/Users/mateonoel/.m2/repository/org/springframework/spring-test/6.1.4/spring-test-6.1.4.jar:/Users/mateonoel/.m2/repository/org/xmlunit/xmlunit-core/2.9.1/xmlunit-core-2.9.1.jar:/Users/mateonoel/.m2/repository/org/hibernate/validator/hibernate-validator/8.0.0.Final/hibernate-validator-8.0.0.Final.jar:/Users/mateonoel/.m2/repository/jakarta/validation/jakarta.validation-api/3.0.2/jakarta.validation-api-3.0.2.jar:/Users/mateonoel/.m2/repository/org/jboss/logging/jboss-logging/3.5.3.Final/jboss-logging-3.5.3.Final.jar:/Users/mateonoel/.m2/repository/com/fasterxml/classmate/1.6.0/classmate-1.6.0.jar:/Users/mateonoel/.m2/repository/org/springframework/boot/spring-boot-starter-security/3.2.3/spring-boot-starter-security-3.2.3.jar:/Users/mateonoel/.m2/repository/org/springframework/spring-aop/6.1.4/spring-aop-6.1.4.jar:/Users/mateonoel/.m2/repository/org/springframework/security/spring-security-config/6.2.2/spring-security-config-6.2.2.jar:/Users/mateonoel/.m2/repository/org/springframework/security/spring-security-web/6.2.2/spring-security-web-6.2.2.jar:/Users/mateonoel/.m2/repository/org/springframework/security/spring-security-test/6.2.2/spring-security-test-6.2.2.jar:/Users/mateonoel/.m2/repository/org/springframework/security/spring-security-core/6.2.2/spring-security-core-6.2.2.jar:/Users/mateonoel/.m2/repository/org/springframework/security/spring-security-crypto/6.2.2/spring-security-crypto-6.2.2.jar:/Users/mateonoel/.m2/repository/com/auth0/java-jwt/4.4.0/java-jwt-4.4.0.jar:/Users/mateonoel/.m2/repository/com/fasterxml/jackson/core/jackson-databind/2.15.4/jackson-databind-2.15.4.jar:/Users/mateonoel/.m2/repository/com/fasterxml/jackson/core/jackson-annotations/2.15.4/jackson-annotations-2.15.4.jar:/Users/mateonoel/.m2/repository/com/fasterxml/jackson/core/jackson-core/2.15.4/jackson-core-2.15.4.jar:/Users/mateonoel/.m2/repository/org/modelmapper/modelmapper/3.0.0/modelmapper-3.0.0.jar:/Users/mateonoel/.m2/repository/org/testcontainers/postgresql/1.19.5/postgresql-1.19.5.jar:/Users/mateonoel/.m2/repository/org/testcontainers/jdbc/1.19.5/jdbc-1.19.5.jar:/Users/mateonoel/.m2/repository/org/testcontainers/database-commons/1.19.5/database-commons-1.19.5.jar:/Users/mateonoel/.m2/repository/org/testcontainers/testcontainers/1.19.5/testcontainers-1.19.5.jar:/Users/mateonoel/.m2/repository/junit/junit/4.13.2/junit-4.13.2.jar:/Users/mateonoel/.m2/repository/org/hamcrest/hamcrest-core/2.2/hamcrest-core-2.2.jar:/Users/mateonoel/.m2/repository/org/apache/commons/commons-compress/1.24.0/commons-compress-1.24.0.jar:/Users/mateonoel/.m2/repository/org/rnorth/duct-tape/duct-tape/1.0.8/duct-tape-1.0.8.jar:/Users/mateonoel/.m2/repository/org/jetbrains/annotations/17.0.0/annotations-17.0.0.jar:/Users/mateonoel/.m2/repository/com/github/docker-java/docker-java-api/3.3.4/docker-java-api-3.3.4.jar:/Users/mateonoel/.m2/repository/com/github/docker-java/docker-java-transport-zerodep/3.3.4/docker-java-transport-zerodep-3.3.4.jar:/Users/mateonoel/.m2/repository/com/github/docker-java/docker-java-transport/3.3.4/docker-java-transport-3.3.4.jar:/Users/mateonoel/.m2/repository/net/java/dev/jna/jna/5.13.0/jna-5.13.0.jar:/Users/mateonoel/.m2/repository/com/h2database/h2/2.2.224/h2-2.2.224.jar:/Users/mateonoel/.m2/repository/com/uber/h3/4.1.1/h3-4.1.1.jar:/Users/mateonoel/.m2/repository/org/springframework/security/spring-security-messaging/6.2.2/spring-security-messaging-6.2.2.jar:/Users/mateonoel/.m2/repository/org/springframework/spring-beans/6.1.4/spring-beans-6.1.4.jar:/Users/mateonoel/.m2/repository/org/springframework/spring-context/6.1.4/spring-context-6.1.4.jar:/Users/mateonoel/.m2/repository/org/springframework/spring-expression/6.1.4/spring-expression-6.1.4.jar:/Users/mateonoel/.m2/repository/org/springframework/spring-messaging/6.1.4/spring-messaging-6.1.4.jar:"/>
    <property name="sun.cpu.endian" value="little"/>
    <property name="user.home" value="/Users/mateonoel"/>
    <property name="user.language" value="en"/>
    <property name="java.specification.vendor" value="Oracle Corporation"/>
    <property name="java.version.date" value="2024-04-16"/>
    <property name="java.home" value="/Users/mateonoel/Library/Java/JavaVirtualMachines/openjdk-22.0.1/Contents/Home"/>
    <property name="file.separator" value="/"/>
    <property name="basedir" value="/Users/mateonoel/Desktop/lab-e2e-20241-04-mateo"/>
    <property name="java.vm.compressedOopsMode" value="Zero based"/>
    <property name="line.separator" value="&#10;"/>
    <property name="java.vm.specification.vendor" value="Oracle Corporation"/>
    <property name="java.specification.name" value="Java Platform API Specification"/>
    <property name="FILE_LOG_CHARSET" value="UTF-8"/>
    <property name="java.awt.headless" value="true"/>
    <property name="apple.awt.application.name" value="ForkedBooter"/>
    <property name="surefire.real.class.path" value="/Users/mateonoel/Desktop/lab-e2e-20241-04-mateo/target/surefire/surefirebooter-20240507163429302_3.jar"/>
    <property name="sun.management.compiler" value="HotSpot 64-Bit Tiered Compilers"/>
    <property name="ftp.nonProxyHosts" value="local|*.local|169.254/16|*.169.254/16"/>
    <property name="java.runtime.version" value="22.0.1+8-16"/>
    <property name="user.name" value="mateonoel"/>
    <property name="stdout.encoding" value="UTF-8"/>
    <property name="path.separator" value=":"/>
    <property name="os.version" value="14.4.1"/>
    <property name="java.runtime.name" value="OpenJDK Runtime Environment"/>
    <property name="file.encoding" value="UTF-8"/>
    <property name="java.vm.name" value="OpenJDK 64-Bit Server VM"/>
    <property name="localRepository" value="/Users/mateonoel/.m2/repository"/>
    <property name="java.vendor.url.bug" value="https://bugreport.java.com/bugreport/"/>
    <property name="java.io.tmpdir" value="/var/folders/k2/n_kxqnnd0vz7prgkt0n5qk_m0000gn/T/"/>
    <property name="com.zaxxer.hikari.pool_number" value="2"/>
    <property name="java.version" value="22.0.1"/>
    <property name="user.dir" value="/Users/mateonoel/Desktop/lab-e2e-20241-04-mateo"/>
    <property name="os.arch" value="aarch64"/>
    <property name="java.vm.specification.name" value="Java Virtual Machine Specification"/>
    <property name="PID" value="99936"/>
    <property name="CONSOLE_LOG_CHARSET" value="UTF-8"/>
    <property name="native.encoding" value="UTF-8"/>
    <property name="java.library.path" value="/Users/mateonoel/Library/Java/Extensions:/Library/Java/Extensions:/Network/Library/Java/Extensions:/System/Library/Java/Extensions:/usr/lib/java:."/>
    <property name="java.vm.info" value="mixed mode, sharing"/>
    <property name="stderr.encoding" value="UTF-8"/>
    <property name="java.vendor" value="Oracle Corporation"/>
    <property name="java.vm.version" value="22.0.1+8-16"/>
    <property name="sun.io.unicode.encoding" value="UnicodeBig"/>
    <property name="socksNonProxyHosts" value="local|*.local|169.254/16|*.169.254/16"/>
    <property name="java.class.version" value="66.0"/>
  </properties>
  <testcase name="testAuthorizedAccessToUpdateDriverCar" classname="org.e2e.e2e.driver.DriverControllerSecurityTest" time="0.24">
    <system-out><![CDATA[&amp#27;[2m2024-05-07T16:34:31.654-05:00&amp#27;[0;39m &amp#27;[32m INFO&amp#27;[0;39m &amp#27;[35m99936&amp#27;[0;39m &amp#27;[2m---&amp#27;[0;39m &amp#27;[2m[           main]&amp#27;[0;39m &amp#27;[2m&amp#27;[0;39m&amp#27;[36mt.c.s.AnnotationConfigContextLoaderUtils&amp#27;[0;39m &amp#27;[2m:&amp#27;[0;39m Could not detect default configuration classes for test class [org.e2e.e2e.driver.DriverControllerSecurityTest]: DriverControllerSecurityTest does not declare any static, non-private, non-final, nested classes annotated with @Configuration.
&amp#27;[2m2024-05-07T16:34:31.659-05:00&amp#27;[0;39m &amp#27;[32m INFO&amp#27;[0;39m &amp#27;[35m99936&amp#27;[0;39m &amp#27;[2m---&amp#27;[0;39m &amp#27;[2m[           main]&amp#27;[0;39m &amp#27;[2m&amp#27;[0;39m&amp#27;[36m.b.t.c.SpringBootTestContextBootstrapper&amp#27;[0;39m &amp#27;[2m:&amp#27;[0;39m Found @SpringBootConfiguration org.e2e.e2e.E2eApplication for test class org.e2e.e2e.driver.DriverControllerSecurityTest

  .   ____          _            __ _ _
 /\\ / ___'_ __ _ _(_)_ __  __ _ \ \ \ \
( ( )\___ | '_ | '_| | '_ \/ _` | \ \ \ \
 \\/  ___)| |_)| | | | | || (_| |  ) ) ) )
  '  |____| .__|_| |_|_| |_\__, | / / / /
 =========|_|==============|___/=/_/_/_/
&amp#27;[32m :: Spring Boot :: &amp#27;[39m              &amp#27;[2m (v3.2.3)&amp#27;[0;39m

&amp#27;[2m2024-05-07T16:34:31.669-05:00&amp#27;[0;39m &amp#27;[32m INFO&amp#27;[0;39m &amp#27;[35m99936&amp#27;[0;39m &amp#27;[2m---&amp#27;[0;39m &amp#27;[2m[           main]&amp#27;[0;39m &amp#27;[2m&amp#27;[0;39m&amp#27;[36mo.e.e.d.DriverControllerSecurityTest    &amp#27;[0;39m &amp#27;[2m:&amp#27;[0;39m Starting DriverControllerSecurityTest using Java 22.0.1 with PID 99936 (started by mateonoel in /Users/mateonoel/Desktop/lab-e2e-20241-04-mateo)
&amp#27;[2m2024-05-07T16:34:31.669-05:00&amp#27;[0;39m &amp#27;[32m INFO&amp#27;[0;39m &amp#27;[35m99936&amp#27;[0;39m &amp#27;[2m---&amp#27;[0;39m &amp#27;[2m[           main]&amp#27;[0;39m &amp#27;[2m&amp#27;[0;39m&amp#27;[36mo.e.e.d.DriverControllerSecurityTest    &amp#27;[0;39m &amp#27;[2m:&amp#27;[0;39m The following 1 profile is active: "test"
&amp#27;[2m2024-05-07T16:34:31.734-05:00&amp#27;[0;39m &amp#27;[32m INFO&amp#27;[0;39m &amp#27;[35m99936&amp#27;[0;39m &amp#27;[2m---&amp#27;[0;39m &amp#27;[2m[           main]&amp#27;[0;39m &amp#27;[2m&amp#27;[0;39m&amp#27;[36m.s.d.r.c.RepositoryConfigurationDelegate&amp#27;[0;39m &amp#27;[2m:&amp#27;[0;39m Bootstrapping Spring Data JPA repositories in DEFAULT mode.
&amp#27;[2m2024-05-07T16:34:31.740-05:00&amp#27;[0;39m &amp#27;[32m INFO&amp#27;[0;39m &amp#27;[35m99936&amp#27;[0;39m &amp#27;[2m---&amp#27;[0;39m &amp#27;[2m[           main]&amp#27;[0;39m &amp#27;[2m&amp#27;[0;39m&amp#27;[36m.s.d.r.c.RepositoryConfigurationDelegate&amp#27;[0;39m &amp#27;[2m:&amp#27;[0;39m Finished Spring Data repository scanning in 6 ms. Found 7 JPA repository interfaces.
&amp#27;[2m2024-05-07T16:34:31.776-05:00&amp#27;[0;39m &amp#27;[32m INFO&amp#27;[0;39m &amp#27;[35m99936&amp#27;[0;39m &amp#27;[2m---&amp#27;[0;39m &amp#27;[2m[           main]&amp#27;[0;39m &amp#27;[2m&amp#27;[0;39m&amp#27;[36mo.hibernate.jpa.internal.util.LogHelper &amp#27;[0;39m &amp#27;[2m:&amp#27;[0;39m HHH000204: Processing PersistenceUnitInfo [name: default]
&amp#27;[2m2024-05-07T16:34:31.777-05:00&amp#27;[0;39m &amp#27;[32m INFO&amp#27;[0;39m &amp#27;[35m99936&amp#27;[0;39m &amp#27;[2m---&amp#27;[0;39m &amp#27;[2m[           main]&amp#27;[0;39m &amp#27;[2m&amp#27;[0;39m&amp#27;[36mo.h.c.internal.RegionFactoryInitiator   &amp#27;[0;39m &amp#27;[2m:&amp#27;[0;39m HHH000026: Second-level cache disabled
&amp#27;[2m2024-05-07T16:34:31.779-05:00&amp#27;[0;39m &amp#27;[32m INFO&amp#27;[0;39m &amp#27;[35m99936&amp#27;[0;39m &amp#27;[2m---&amp#27;[0;39m &amp#27;[2m[           main]&amp#27;[0;39m &amp#27;[2m&amp#27;[0;39m&amp#27;[36mo.s.o.j.p.SpringPersistenceUnitInfo     &amp#27;[0;39m &amp#27;[2m:&amp#27;[0;39m No LoadTimeWeaver setup: ignoring JPA class transformer
&amp#27;[2m2024-05-07T16:34:31.780-05:00&amp#27;[0;39m &amp#27;[32m INFO&amp#27;[0;39m &amp#27;[35m99936&amp#27;[0;39m &amp#27;[2m---&amp#27;[0;39m &amp#27;[2m[           main]&amp#27;[0;39m &amp#27;[2m&amp#27;[0;39m&amp#27;[36mcom.zaxxer.hikari.HikariDataSource      &amp#27;[0;39m &amp#27;[2m:&amp#27;[0;39m HikariPool-2 - Starting...
&amp#27;[2m2024-05-07T16:34:31.781-05:00&amp#27;[0;39m &amp#27;[32m INFO&amp#27;[0;39m &amp#27;[35m99936&amp#27;[0;39m &amp#27;[2m---&amp#27;[0;39m &amp#27;[2m[           main]&amp#27;[0;39m &amp#27;[2m&amp#27;[0;39m&amp#27;[36mcom.zaxxer.hikari.pool.HikariPool       &amp#27;[0;39m &amp#27;[2m:&amp#27;[0;39m HikariPool-2 - Added connection conn10: url=jdbc:h2:mem:1fb81b4b-d862-49f0-b06a-8cc596c8f3f5 user=SA
&amp#27;[2m2024-05-07T16:34:31.781-05:00&amp#27;[0;39m &amp#27;[32m INFO&amp#27;[0;39m &amp#27;[35m99936&amp#27;[0;39m &amp#27;[2m---&amp#27;[0;39m &amp#27;[2m[           main]&amp#27;[0;39m &amp#27;[2m&amp#27;[0;39m&amp#27;[36mcom.zaxxer.hikari.HikariDataSource      &amp#27;[0;39m &amp#27;[2m:&amp#27;[0;39m HikariPool-2 - Start completed.
&amp#27;[2m2024-05-07T16:34:31.840-05:00&amp#27;[0;39m &amp#27;[32m INFO&amp#27;[0;39m &amp#27;[35m99936&amp#27;[0;39m &amp#27;[2m---&amp#27;[0;39m &amp#27;[2m[           main]&amp#27;[0;39m &amp#27;[2m&amp#27;[0;39m&amp#27;[36mo.h.e.t.j.p.i.JtaPlatformInitiator      &amp#27;[0;39m &amp#27;[2m:&amp#27;[0;39m HHH000489: No JTA platform available (set 'hibernate.transaction.jta.platform' to enable JTA platform integration)
Hibernate: drop table if exists coordinate cascade 
Hibernate: drop table if exists driver cascade 
Hibernate: drop table if exists passenger cascade 
Hibernate: drop table if exists review cascade 
Hibernate: drop table if exists ride cascade 
Hibernate: drop table if exists user_location cascade 
Hibernate: drop table if exists users cascade 
Hibernate: drop table if exists vehicle cascade 
Hibernate: drop sequence if exists users_seq
Hibernate: create sequence users_seq start with 1 increment by 50
Hibernate: create table coordinate (latitude float(53) not null, longitude float(53) not null, id bigint generated by default as identity, primary key (id))
Hibernate: create table driver (category tinyint not null check (category between 0 and 2), id bigint not null, vehicle_id bigint not null unique, hex_adress varchar(255), primary key (id))
Hibernate: create table passenger (id bigint not null, primary key (id))
Hibernate: create table review (rating integer not null check ((rating<=5) and (rating>=0)), author_id bigint, id bigint generated by default as identity, ride_id bigint unique, target_id bigint, comment varchar(255), primary key (id))
Hibernate: create table ride (price float(53) not null, status tinyint not null check (status between 0 and 4), arrival_date timestamp(6), departure_date timestamp(6), destination_coordinates_id bigint unique, driver_id bigint, id bigint generated by default as identity, origin_coordinates_id bigint unique, passenger_id bigint, destination_name varchar(255) not null, origin_name varchar(255) not null, primary key (id))
Hibernate: create table user_location (coordinate_id bigint not null, passenger_id bigint not null, description varchar(255) not null, primary key (coordinate_id, passenger_id))
Hibernate: create table users (avg_rating float default 0, role tinyint not null check (role between 0 and 2), trips integer default 0, created_at timestamp(6) with time zone not null, id bigint not null, updated_at timestamp(6) with time zone, email varchar(255) not null, first_name varchar(255) not null, last_name varchar(255) not null, password varchar(255) not null, phone_number varchar(255) not null unique, primary key (id))
Hibernate: create table vehicle (capacity integer not null, fabrication_year integer not null, id bigint generated by default as identity, brand varchar(255) not null, license_plate varchar(255) not null unique, model varchar(255) not null, primary key (id))
Hibernate: alter table if exists driver add constraint FKjvtsi9cks0ah62ffq4ilpi8oj foreign key (vehicle_id) references vehicle
Hibernate: alter table if exists driver add constraint FKf3lot723ogx3kvhe7aky9c9g3 foreign key (id) references users
Hibernate: alter table if exists passenger add constraint FKgv9n67e9n8651r07qhf8qv8m3 foreign key (id) references users
Hibernate: alter table if exists review add constraint FK9o91rotu09ywxerf1evksnxhd foreign key (author_id) references users
Hibernate: alter table if exists review add constraint FK7x1lxb54nj03cylb7c1d1yoyt foreign key (ride_id) references ride
Hibernate: alter table if exists review add constraint FKgl80drgmr1ssg0rrt3sn9v1mm foreign key (target_id) references users
Hibernate: alter table if exists ride add constraint FKjul90syqqhks11eup312des4d foreign key (destination_coordinates_id) references coordinate
Hibernate: alter table if exists ride add constraint FKo12dq19jo25foqggvedgvaa0p foreign key (driver_id) references driver
Hibernate: alter table if exists ride add constraint FKo1qb0m0a253ppyrahgg6l03vy foreign key (origin_coordinates_id) references coordinate
Hibernate: alter table if exists ride add constraint FK9ijti1ms6rql4c7i8lny2ube3 foreign key (passenger_id) references passenger
Hibernate: alter table if exists user_location add constraint FK5rwhf2pcwqmlooo0263ilqcyr foreign key (coordinate_id) references coordinate
Hibernate: alter table if exists user_location add constraint FK5i20wmntqc58vadrwb0x0cy6e foreign key (passenger_id) references passenger
&amp#27;[2m2024-05-07T16:34:31.850-05:00&amp#27;[0;39m &amp#27;[32m INFO&amp#27;[0;39m &amp#27;[35m99936&amp#27;[0;39m &amp#27;[2m---&amp#27;[0;39m &amp#27;[2m[           main]&amp#27;[0;39m &amp#27;[2m&amp#27;[0;39m&amp#27;[36mj.LocalContainerEntityManagerFactoryBean&amp#27;[0;39m &amp#27;[2m:&amp#27;[0;39m Initialized JPA EntityManagerFactory for persistence unit 'default'
&amp#27;[2m2024-05-07T16:34:31.936-05:00&amp#27;[0;39m &amp#27;[33m WARN&amp#27;[0;39m &amp#27;[35m99936&amp#27;[0;39m &amp#27;[2m---&amp#27;[0;39m &amp#27;[2m[           main]&amp#27;[0;39m &amp#27;[2m&amp#27;[0;39m&amp#27;[36mJpaBaseConfiguration$JpaWebConfiguration&amp#27;[0;39m &amp#27;[2m:&amp#27;[0;39m spring.jpa.open-in-view is enabled by default. Therefore, database queries may be performed during view rendering. Explicitly configure spring.jpa.open-in-view to disable this warning
&amp#27;[2m2024-05-07T16:34:31.958-05:00&amp#27;[0;39m &amp#27;[32m INFO&amp#27;[0;39m &amp#27;[35m99936&amp#27;[0;39m &amp#27;[2m---&amp#27;[0;39m &amp#27;[2m[           main]&amp#27;[0;39m &amp#27;[2m&amp#27;[0;39m&amp#27;[36mo.s.s.web.DefaultSecurityFilterChain    &amp#27;[0;39m &amp#27;[2m:&amp#27;[0;39m Will secure any request with [org.springframework.security.web.session.DisableEncodeUrlFilter@6fcf3192, org.springframework.security.web.context.request.async.WebAsyncManagerIntegrationFilter@40cb19d5, org.springframework.security.web.context.SecurityContextHolderFilter@4a83740e, org.springframework.security.web.header.HeaderWriterFilter@522941b2, org.springframework.web.filter.CorsFilter@71d92487, org.springframework.security.web.authentication.logout.LogoutFilter@7fda0e30, org.e2e.e2e.config.JwtAuthenticationFilter@4746b5d, org.springframework.security.web.savedrequest.RequestCacheAwareFilter@5d8319a7, org.springframework.security.web.servletapi.SecurityContextHolderAwareRequestFilter@453ff774, org.springframework.security.web.authentication.AnonymousAuthenticationFilter@c9a8e12, org.springframework.security.web.session.SessionManagementFilter@4e44b713, org.springframework.security.web.access.ExceptionTranslationFilter@6a8fa30a, org.springframework.security.web.access.intercept.AuthorizationFilter@6faa24]
&amp#27;[2m2024-05-07T16:34:31.998-05:00&amp#27;[0;39m &amp#27;[32m INFO&amp#27;[0;39m &amp#27;[35m99936&amp#27;[0;39m &amp#27;[2m---&amp#27;[0;39m &amp#27;[2m[           main]&amp#27;[0;39m &amp#27;[2m&amp#27;[0;39m&amp#27;[36mo.s.b.t.m.w.SpringBootMockServletContext&amp#27;[0;39m &amp#27;[2m:&amp#27;[0;39m Initializing Spring TestDispatcherServlet ''
&amp#27;[2m2024-05-07T16:34:31.998-05:00&amp#27;[0;39m &amp#27;[32m INFO&amp#27;[0;39m &amp#27;[35m99936&amp#27;[0;39m &amp#27;[2m---&amp#27;[0;39m &amp#27;[2m[           main]&amp#27;[0;39m &amp#27;[2m&amp#27;[0;39m&amp#27;[36mo.s.t.web.servlet.TestDispatcherServlet &amp#27;[0;39m &amp#27;[2m:&amp#27;[0;39m Initializing Servlet ''
&amp#27;[2m2024-05-07T16:34:31.998-05:00&amp#27;[0;39m &amp#27;[32m INFO&amp#27;[0;39m &amp#27;[35m99936&amp#27;[0;39m &amp#27;[2m---&amp#27;[0;39m &amp#27;[2m[           main]&amp#27;[0;39m &amp#27;[2m&amp#27;[0;39m&amp#27;[36mo.s.t.web.servlet.TestDispatcherServlet &amp#27;[0;39m &amp#27;[2m:&amp#27;[0;39m Completed initialization in 0 ms
&amp#27;[2m2024-05-07T16:34:32.002-05:00&amp#27;[0;39m &amp#27;[32m INFO&amp#27;[0;39m &amp#27;[35m99936&amp#27;[0;39m &amp#27;[2m---&amp#27;[0;39m &amp#27;[2m[           main]&amp#27;[0;39m &amp#27;[2m&amp#27;[0;39m&amp#27;[36mo.e.e.d.DriverControllerSecurityTest    &amp#27;[0;39m &amp#27;[2m:&amp#27;[0;39m Started DriverControllerSecurityTest in 0.341 seconds (process running for 2.667)
Hibernate: select d1_0.id,d1_1.avg_rating,d1_1.created_at,d1_1.email,d1_1.first_name,d1_1.last_name,d1_1.password,d1_1.phone_number,d1_1.role,d1_1.trips,d1_1.updated_at,d1_0.category,d1_0.hex_adress,d1_0.vehicle_id from driver d1_0 join users d1_1 on d1_0.id=d1_1.id
Hibernate: select u1_0.id,case when u1_1.id is not null then 1 when u1_2.id is not null then 2 when u1_0.id is not null then 0 end,u1_0.avg_rating,u1_0.created_at,u1_0.email,u1_0.first_name,u1_0.last_name,u1_0.password,u1_0.phone_number,u1_0.role,u1_0.trips,u1_0.updated_at,u1_1.category,u1_1.hex_adress,u1_1.id,u1_1.vehicle_id,u1_2.id from users u1_0 left join driver u1_1 on u1_0.id=u1_1.id left join passenger u1_2 on u1_0.id=u1_2.id where u1_0.email=?
Hibernate: select next value for users_seq
Hibernate: insert into vehicle (brand,capacity,fabrication_year,license_plate,model,id) values (?,?,?,?,?,default)
Hibernate: insert into users (avg_rating,created_at,email,first_name,last_name,password,phone_number,role,trips,updated_at,id) values (?,?,?,?,?,?,?,?,?,?,?)
Hibernate: insert into driver (category,hex_adress,vehicle_id,id) values (?,?,?,?)
Token: eyJhbGciOiJIUzI1NiIsInR5cCI6IkpXVCJ9.eyJzdWIiOiJqb2huZG9lQGV4YW1wbGUuY29tIiwicm9sZSI6IlJPTEVfRFJJVkVSIiwiaWF0IjoxNzE1MTE3NjcyLCJleHAiOjE3MTUxNTM2NzJ9.NFZ4J9YIY3O1HadxNHnrLk08cuB0K6VqW95dBsyBdSY
Hibernate: select u1_0.id,case when u1_1.id is not null then 1 when u1_2.id is not null then 2 when u1_0.id is not null then 0 end,u1_0.avg_rating,u1_0.created_at,u1_0.email,u1_0.first_name,u1_0.last_name,u1_0.password,u1_0.phone_number,u1_0.role,u1_0.trips,u1_0.updated_at,u1_1.category,u1_1.hex_adress,u1_1.id,u1_1.vehicle_id,u1_2.id from users u1_0 left join driver u1_1 on u1_0.id=u1_1.id left join passenger u1_2 on u1_0.id=u1_2.id where u1_0.email=?
Hibernate: select v1_0.id,v1_0.brand,v1_0.capacity,v1_0.fabrication_year,v1_0.license_plate,v1_0.model from vehicle v1_0 where v1_0.id=?
Hibernate: select d1_0.id,d1_1.avg_rating,d1_1.created_at,d1_1.email,d1_1.first_name,d1_1.last_name,d1_1.password,d1_1.phone_number,d1_1.role,d1_1.trips,d1_1.updated_at,d1_0.category,d1_0.hex_adress,d1_0.vehicle_id from driver d1_0 join users d1_1 on d1_0.id=d1_1.id where d1_1.email=?
Hibernate: select v1_0.id,v1_0.brand,v1_0.capacity,v1_0.fabrication_year,v1_0.license_plate,v1_0.model from vehicle v1_0 where v1_0.id=?
Hibernate: select d1_0.id,d1_1.avg_rating,d1_1.created_at,d1_1.email,d1_1.first_name,d1_1.last_name,d1_1.password,d1_1.phone_number,d1_1.role,d1_1.trips,d1_1.updated_at,d1_0.category,d1_0.hex_adress,d1_0.vehicle_id from driver d1_0 join users d1_1 on d1_0.id=d1_1.id where d1_1.email=?
Hibernate: select v1_0.id,v1_0.brand,v1_0.capacity,v1_0.fabrication_year,v1_0.license_plate,v1_0.model from vehicle v1_0 where v1_0.id=?
Hibernate: update vehicle set brand=?,capacity=?,fabrication_year=?,license_plate=?,model=? where id=?
]]></system-out>
  </testcase>
  <testcase name="testAuthorizedAccessToGetOwnDriverInfo" classname="org.e2e.e2e.driver.DriverControllerSecurityTest" time="0.08">
    <system-out><![CDATA[Hibernate: select d1_0.id,d1_1.avg_rating,d1_1.created_at,d1_1.email,d1_1.first_name,d1_1.last_name,d1_1.password,d1_1.phone_number,d1_1.role,d1_1.trips,d1_1.updated_at,d1_0.category,d1_0.hex_adress,d1_0.vehicle_id from driver d1_0 join users d1_1 on d1_0.id=d1_1.id
Hibernate: select v1_0.id,v1_0.brand,v1_0.capacity,v1_0.fabrication_year,v1_0.license_plate,v1_0.model from vehicle v1_0 where v1_0.id=?
Hibernate: delete from driver where id=?
Hibernate: delete from users where id=?
Hibernate: delete from vehicle where id=?
Hibernate: select u1_0.id,case when u1_1.id is not null then 1 when u1_2.id is not null then 2 when u1_0.id is not null then 0 end,u1_0.avg_rating,u1_0.created_at,u1_0.email,u1_0.first_name,u1_0.last_name,u1_0.password,u1_0.phone_number,u1_0.role,u1_0.trips,u1_0.updated_at,u1_1.category,u1_1.hex_adress,u1_1.id,u1_1.vehicle_id,u1_2.id from users u1_0 left join driver u1_1 on u1_0.id=u1_1.id left join passenger u1_2 on u1_0.id=u1_2.id where u1_0.email=?
Hibernate: select next value for users_seq
Hibernate: insert into vehicle (brand,capacity,fabrication_year,license_plate,model,id) values (?,?,?,?,?,default)
Hibernate: insert into users (avg_rating,created_at,email,first_name,last_name,password,phone_number,role,trips,updated_at,id) values (?,?,?,?,?,?,?,?,?,?,?)
Hibernate: insert into driver (category,hex_adress,vehicle_id,id) values (?,?,?,?)
Token: eyJhbGciOiJIUzI1NiIsInR5cCI6IkpXVCJ9.eyJzdWIiOiJqb2huZG9lQGV4YW1wbGUuY29tIiwicm9sZSI6IlJPTEVfRFJJVkVSIiwiaWF0IjoxNzE1MTE3NjcyLCJleHAiOjE3MTUxNTM2NzJ9.NFZ4J9YIY3O1HadxNHnrLk08cuB0K6VqW95dBsyBdSY
Hibernate: select u1_0.id,case when u1_1.id is not null then 1 when u1_2.id is not null then 2 when u1_0.id is not null then 0 end,u1_0.avg_rating,u1_0.created_at,u1_0.email,u1_0.first_name,u1_0.last_name,u1_0.password,u1_0.phone_number,u1_0.role,u1_0.trips,u1_0.updated_at,u1_1.category,u1_1.hex_adress,u1_1.id,u1_1.vehicle_id,u1_2.id from users u1_0 left join driver u1_1 on u1_0.id=u1_1.id left join passenger u1_2 on u1_0.id=u1_2.id where u1_0.email=?
Hibernate: select v1_0.id,v1_0.brand,v1_0.capacity,v1_0.fabrication_year,v1_0.license_plate,v1_0.model from vehicle v1_0 where v1_0.id=?
Hibernate: select d1_0.id,d1_1.avg_rating,d1_1.created_at,d1_1.email,d1_1.first_name,d1_1.last_name,d1_1.password,d1_1.phone_number,d1_1.role,d1_1.trips,d1_1.updated_at,d1_0.category,d1_0.hex_adress,d1_0.vehicle_id from driver d1_0 join users d1_1 on d1_0.id=d1_1.id where d1_1.email=?
Hibernate: select v1_0.id,v1_0.brand,v1_0.capacity,v1_0.fabrication_year,v1_0.license_plate,v1_0.model from vehicle v1_0 where v1_0.id=?
Hibernate: select d1_0.id,d1_1.avg_rating,d1_1.created_at,d1_1.email,d1_1.first_name,d1_1.last_name,d1_1.password,d1_1.phone_number,d1_1.role,d1_1.trips,d1_1.updated_at,d1_0.category,d1_0.hex_adress,d1_0.vehicle_id from driver d1_0 join users d1_1 on d1_0.id=d1_1.id where d1_1.email=?
]]></system-out>
  </testcase>
  <testcase name="testUnauthorizedAccessToGetOwnDriverInfo" classname="org.e2e.e2e.driver.DriverControllerSecurityTest" time="0.068">
    <system-out><![CDATA[Hibernate: select d1_0.id,d1_1.avg_rating,d1_1.created_at,d1_1.email,d1_1.first_name,d1_1.last_name,d1_1.password,d1_1.phone_number,d1_1.role,d1_1.trips,d1_1.updated_at,d1_0.category,d1_0.hex_adress,d1_0.vehicle_id from driver d1_0 join users d1_1 on d1_0.id=d1_1.id
Hibernate: select v1_0.id,v1_0.brand,v1_0.capacity,v1_0.fabrication_year,v1_0.license_plate,v1_0.model from vehicle v1_0 where v1_0.id=?
Hibernate: delete from driver where id=?
Hibernate: delete from users where id=?
Hibernate: delete from vehicle where id=?
Hibernate: select u1_0.id,case when u1_1.id is not null then 1 when u1_2.id is not null then 2 when u1_0.id is not null then 0 end,u1_0.avg_rating,u1_0.created_at,u1_0.email,u1_0.first_name,u1_0.last_name,u1_0.password,u1_0.phone_number,u1_0.role,u1_0.trips,u1_0.updated_at,u1_1.category,u1_1.hex_adress,u1_1.id,u1_1.vehicle_id,u1_2.id from users u1_0 left join driver u1_1 on u1_0.id=u1_1.id left join passenger u1_2 on u1_0.id=u1_2.id where u1_0.email=?
Hibernate: insert into vehicle (brand,capacity,fabrication_year,license_plate,model,id) values (?,?,?,?,?,default)
Hibernate: insert into users (avg_rating,created_at,email,first_name,last_name,password,phone_number,role,trips,updated_at,id) values (?,?,?,?,?,?,?,?,?,?,?)
Hibernate: insert into driver (category,hex_adress,vehicle_id,id) values (?,?,?,?)
Token: eyJhbGciOiJIUzI1NiIsInR5cCI6IkpXVCJ9.eyJzdWIiOiJqb2huZG9lQGV4YW1wbGUuY29tIiwicm9sZSI6IlJPTEVfRFJJVkVSIiwiaWF0IjoxNzE1MTE3NjcyLCJleHAiOjE3MTUxNTM2NzJ9.NFZ4J9YIY3O1HadxNHnrLk08cuB0K6VqW95dBsyBdSY
]]></system-out>
  </testcase>
  <testcase name="testPassengerAccessToGetDriverById" classname="org.e2e.e2e.driver.DriverControllerSecurityTest" time="0.071">
    <system-out><![CDATA[Hibernate: select d1_0.id,d1_1.avg_rating,d1_1.created_at,d1_1.email,d1_1.first_name,d1_1.last_name,d1_1.password,d1_1.phone_number,d1_1.role,d1_1.trips,d1_1.updated_at,d1_0.category,d1_0.hex_adress,d1_0.vehicle_id from driver d1_0 join users d1_1 on d1_0.id=d1_1.id
Hibernate: select v1_0.id,v1_0.brand,v1_0.capacity,v1_0.fabrication_year,v1_0.license_plate,v1_0.model from vehicle v1_0 where v1_0.id=?
Hibernate: delete from driver where id=?
Hibernate: delete from users where id=?
Hibernate: delete from vehicle where id=?
Hibernate: select u1_0.id,case when u1_1.id is not null then 1 when u1_2.id is not null then 2 when u1_0.id is not null then 0 end,u1_0.avg_rating,u1_0.created_at,u1_0.email,u1_0.first_name,u1_0.last_name,u1_0.password,u1_0.phone_number,u1_0.role,u1_0.trips,u1_0.updated_at,u1_1.category,u1_1.hex_adress,u1_1.id,u1_1.vehicle_id,u1_2.id from users u1_0 left join driver u1_1 on u1_0.id=u1_1.id left join passenger u1_2 on u1_0.id=u1_2.id where u1_0.email=?
Hibernate: insert into vehicle (brand,capacity,fabrication_year,license_plate,model,id) values (?,?,?,?,?,default)
Hibernate: insert into users (avg_rating,created_at,email,first_name,last_name,password,phone_number,role,trips,updated_at,id) values (?,?,?,?,?,?,?,?,?,?,?)
Hibernate: insert into driver (category,hex_adress,vehicle_id,id) values (?,?,?,?)
Token: eyJhbGciOiJIUzI1NiIsInR5cCI6IkpXVCJ9.eyJzdWIiOiJqb2huZG9lQGV4YW1wbGUuY29tIiwicm9sZSI6IlJPTEVfRFJJVkVSIiwiaWF0IjoxNzE1MTE3NjcyLCJleHAiOjE3MTUxNTM2NzJ9.NFZ4J9YIY3O1HadxNHnrLk08cuB0K6VqW95dBsyBdSY
Hibernate: select p1_0.id,p1_1.avg_rating,p1_1.created_at,p1_1.email,p1_1.first_name,p1_1.last_name,p1_1.password,p1_1.phone_number,p1_1.role,p1_1.trips,p1_1.updated_at from passenger p1_0 join users p1_1 on p1_0.id=p1_1.id where p1_1.email=?
]]></system-out>
  </testcase>
  <testcase name="testUnauthorizedAccessToUpdateDriverCar" classname="org.e2e.e2e.driver.DriverControllerSecurityTest" time="0.135">
    <system-out><![CDATA[Hibernate: select d1_0.id,d1_1.avg_rating,d1_1.created_at,d1_1.email,d1_1.first_name,d1_1.last_name,d1_1.password,d1_1.phone_number,d1_1.role,d1_1.trips,d1_1.updated_at,d1_0.category,d1_0.hex_adress,d1_0.vehicle_id from driver d1_0 join users d1_1 on d1_0.id=d1_1.id
Hibernate: select v1_0.id,v1_0.brand,v1_0.capacity,v1_0.fabrication_year,v1_0.license_plate,v1_0.model from vehicle v1_0 where v1_0.id=?
Hibernate: delete from driver where id=?
Hibernate: delete from users where id=?
Hibernate: delete from vehicle where id=?
Hibernate: select u1_0.id,case when u1_1.id is not null then 1 when u1_2.id is not null then 2 when u1_0.id is not null then 0 end,u1_0.avg_rating,u1_0.created_at,u1_0.email,u1_0.first_name,u1_0.last_name,u1_0.password,u1_0.phone_number,u1_0.role,u1_0.trips,u1_0.updated_at,u1_1.category,u1_1.hex_adress,u1_1.id,u1_1.vehicle_id,u1_2.id from users u1_0 left join driver u1_1 on u1_0.id=u1_1.id left join passenger u1_2 on u1_0.id=u1_2.id where u1_0.email=?
Hibernate: insert into vehicle (brand,capacity,fabrication_year,license_plate,model,id) values (?,?,?,?,?,default)
Hibernate: insert into users (avg_rating,created_at,email,first_name,last_name,password,phone_number,role,trips,updated_at,id) values (?,?,?,?,?,?,?,?,?,?,?)
Hibernate: insert into driver (category,hex_adress,vehicle_id,id) values (?,?,?,?)
Token: eyJhbGciOiJIUzI1NiIsInR5cCI6IkpXVCJ9.eyJzdWIiOiJqb2huZG9lQGV4YW1wbGUuY29tIiwicm9sZSI6IlJPTEVfRFJJVkVSIiwiaWF0IjoxNzE1MTE3NjcyLCJleHAiOjE3MTUxNTM2NzJ9.NFZ4J9YIY3O1HadxNHnrLk08cuB0K6VqW95dBsyBdSY
Hibernate: select u1_0.id,case when u1_1.id is not null then 1 when u1_2.id is not null then 2 when u1_0.id is not null then 0 end,u1_0.avg_rating,u1_0.created_at,u1_0.email,u1_0.first_name,u1_0.last_name,u1_0.password,u1_0.phone_number,u1_0.role,u1_0.trips,u1_0.updated_at,u1_1.category,u1_1.hex_adress,u1_1.id,u1_1.vehicle_id,u1_2.id from users u1_0 left join driver u1_1 on u1_0.id=u1_1.id left join passenger u1_2 on u1_0.id=u1_2.id where u1_0.email=?
Hibernate: insert into vehicle (brand,capacity,fabrication_year,license_plate,model,id) values (?,?,?,?,?,default)
Hibernate: insert into users (avg_rating,created_at,email,first_name,last_name,password,phone_number,role,trips,updated_at,id) values (?,?,?,?,?,?,?,?,?,?,?)
Hibernate: insert into driver (category,hex_adress,vehicle_id,id) values (?,?,?,?)
Hibernate: select d1_0.id,d1_1.avg_rating,d1_1.created_at,d1_1.email,d1_1.first_name,d1_1.last_name,d1_1.password,d1_1.phone_number,d1_1.role,d1_1.trips,d1_1.updated_at,d1_0.category,d1_0.hex_adress,d1_0.vehicle_id from driver d1_0 join users d1_1 on d1_0.id=d1_1.id where d1_1.email=?
Hibernate: select v1_0.id,v1_0.brand,v1_0.capacity,v1_0.fabrication_year,v1_0.license_plate,v1_0.model from vehicle v1_0 where v1_0.id=?
Hibernate: select d1_0.id,d1_1.avg_rating,d1_1.created_at,d1_1.email,d1_1.first_name,d1_1.last_name,d1_1.password,d1_1.phone_number,d1_1.role,d1_1.trips,d1_1.updated_at,d1_0.category,d1_0.hex_adress,d1_0.vehicle_id from driver d1_0 join users d1_1 on d1_0.id=d1_1.id where d1_1.email=?
Hibernate: select v1_0.id,v1_0.brand,v1_0.capacity,v1_0.fabrication_year,v1_0.license_plate,v1_0.model from vehicle v1_0 where v1_0.id=?
]]></system-out>
  </testcase>
  <testcase name="testUnauthorizedAccessToDeleteDriver" classname="org.e2e.e2e.driver.DriverControllerSecurityTest" time="0.132">
    <system-out><![CDATA[Hibernate: select d1_0.id,d1_1.avg_rating,d1_1.created_at,d1_1.email,d1_1.first_name,d1_1.last_name,d1_1.password,d1_1.phone_number,d1_1.role,d1_1.trips,d1_1.updated_at,d1_0.category,d1_0.hex_adress,d1_0.vehicle_id from driver d1_0 join users d1_1 on d1_0.id=d1_1.id
Hibernate: select v1_0.id,v1_0.brand,v1_0.capacity,v1_0.fabrication_year,v1_0.license_plate,v1_0.model from vehicle v1_0 where v1_0.id=?
Hibernate: select v1_0.id,v1_0.brand,v1_0.capacity,v1_0.fabrication_year,v1_0.license_plate,v1_0.model from vehicle v1_0 where v1_0.id=?
Hibernate: delete from driver where id=?
Hibernate: delete from users where id=?
Hibernate: delete from vehicle where id=?
Hibernate: delete from driver where id=?
Hibernate: delete from users where id=?
Hibernate: delete from vehicle where id=?
Hibernate: select u1_0.id,case when u1_1.id is not null then 1 when u1_2.id is not null then 2 when u1_0.id is not null then 0 end,u1_0.avg_rating,u1_0.created_at,u1_0.email,u1_0.first_name,u1_0.last_name,u1_0.password,u1_0.phone_number,u1_0.role,u1_0.trips,u1_0.updated_at,u1_1.category,u1_1.hex_adress,u1_1.id,u1_1.vehicle_id,u1_2.id from users u1_0 left join driver u1_1 on u1_0.id=u1_1.id left join passenger u1_2 on u1_0.id=u1_2.id where u1_0.email=?
Hibernate: insert into vehicle (brand,capacity,fabrication_year,license_plate,model,id) values (?,?,?,?,?,default)
Hibernate: insert into users (avg_rating,created_at,email,first_name,last_name,password,phone_number,role,trips,updated_at,id) values (?,?,?,?,?,?,?,?,?,?,?)
Hibernate: insert into driver (category,hex_adress,vehicle_id,id) values (?,?,?,?)
Token: eyJhbGciOiJIUzI1NiIsInR5cCI6IkpXVCJ9.eyJzdWIiOiJqb2huZG9lQGV4YW1wbGUuY29tIiwicm9sZSI6IlJPTEVfRFJJVkVSIiwiaWF0IjoxNzE1MTE3NjcyLCJleHAiOjE3MTUxNTM2NzJ9.NFZ4J9YIY3O1HadxNHnrLk08cuB0K6VqW95dBsyBdSY
Hibernate: select u1_0.id,case when u1_1.id is not null then 1 when u1_2.id is not null then 2 when u1_0.id is not null then 0 end,u1_0.avg_rating,u1_0.created_at,u1_0.email,u1_0.first_name,u1_0.last_name,u1_0.password,u1_0.phone_number,u1_0.role,u1_0.trips,u1_0.updated_at,u1_1.category,u1_1.hex_adress,u1_1.id,u1_1.vehicle_id,u1_2.id from users u1_0 left join driver u1_1 on u1_0.id=u1_1.id left join passenger u1_2 on u1_0.id=u1_2.id where u1_0.email=?
Hibernate: insert into vehicle (brand,capacity,fabrication_year,license_plate,model,id) values (?,?,?,?,?,default)
Hibernate: insert into users (avg_rating,created_at,email,first_name,last_name,password,phone_number,role,trips,updated_at,id) values (?,?,?,?,?,?,?,?,?,?,?)
Hibernate: insert into driver (category,hex_adress,vehicle_id,id) values (?,?,?,?)
Hibernate: select d1_0.id,d1_1.avg_rating,d1_1.created_at,d1_1.email,d1_1.first_name,d1_1.last_name,d1_1.password,d1_1.phone_number,d1_1.role,d1_1.trips,d1_1.updated_at,d1_0.category,d1_0.hex_adress,d1_0.vehicle_id from driver d1_0 join users d1_1 on d1_0.id=d1_1.id where d1_1.email=?
Hibernate: select v1_0.id,v1_0.brand,v1_0.capacity,v1_0.fabrication_year,v1_0.license_plate,v1_0.model from vehicle v1_0 where v1_0.id=?
Hibernate: select d1_0.id,d1_1.avg_rating,d1_1.created_at,d1_1.email,d1_1.first_name,d1_1.last_name,d1_1.password,d1_1.phone_number,d1_1.role,d1_1.trips,d1_1.updated_at,d1_0.category,d1_0.hex_adress,d1_0.vehicle_id from driver d1_0 join users d1_1 on d1_0.id=d1_1.id where d1_1.email=?
Hibernate: select v1_0.id,v1_0.brand,v1_0.capacity,v1_0.fabrication_year,v1_0.license_plate,v1_0.model from vehicle v1_0 where v1_0.id=?
]]></system-out>
  </testcase>
  <testcase name="testAuthorizedAccessToGetDriverById" classname="org.e2e.e2e.driver.DriverControllerSecurityTest" time="0.07">
    <system-out><![CDATA[Hibernate: select d1_0.id,d1_1.avg_rating,d1_1.created_at,d1_1.email,d1_1.first_name,d1_1.last_name,d1_1.password,d1_1.phone_number,d1_1.role,d1_1.trips,d1_1.updated_at,d1_0.category,d1_0.hex_adress,d1_0.vehicle_id from driver d1_0 join users d1_1 on d1_0.id=d1_1.id
Hibernate: select v1_0.id,v1_0.brand,v1_0.capacity,v1_0.fabrication_year,v1_0.license_plate,v1_0.model from vehicle v1_0 where v1_0.id=?
Hibernate: select v1_0.id,v1_0.brand,v1_0.capacity,v1_0.fabrication_year,v1_0.license_plate,v1_0.model from vehicle v1_0 where v1_0.id=?
Hibernate: delete from driver where id=?
Hibernate: delete from users where id=?
Hibernate: delete from vehicle where id=?
Hibernate: delete from driver where id=?
Hibernate: delete from users where id=?
Hibernate: delete from vehicle where id=?
Hibernate: select u1_0.id,case when u1_1.id is not null then 1 when u1_2.id is not null then 2 when u1_0.id is not null then 0 end,u1_0.avg_rating,u1_0.created_at,u1_0.email,u1_0.first_name,u1_0.last_name,u1_0.password,u1_0.phone_number,u1_0.role,u1_0.trips,u1_0.updated_at,u1_1.category,u1_1.hex_adress,u1_1.id,u1_1.vehicle_id,u1_2.id from users u1_0 left join driver u1_1 on u1_0.id=u1_1.id left join passenger u1_2 on u1_0.id=u1_2.id where u1_0.email=?
Hibernate: insert into vehicle (brand,capacity,fabrication_year,license_plate,model,id) values (?,?,?,?,?,default)
Hibernate: insert into users (avg_rating,created_at,email,first_name,last_name,password,phone_number,role,trips,updated_at,id) values (?,?,?,?,?,?,?,?,?,?,?)
Hibernate: insert into driver (category,hex_adress,vehicle_id,id) values (?,?,?,?)
Token: eyJhbGciOiJIUzI1NiIsInR5cCI6IkpXVCJ9.eyJzdWIiOiJqb2huZG9lQGV4YW1wbGUuY29tIiwicm9sZSI6IlJPTEVfRFJJVkVSIiwiaWF0IjoxNzE1MTE3NjcyLCJleHAiOjE3MTUxNTM2NzJ9.NFZ4J9YIY3O1HadxNHnrLk08cuB0K6VqW95dBsyBdSY
Hibernate: select u1_0.id,case when u1_1.id is not null then 1 when u1_2.id is not null then 2 when u1_0.id is not null then 0 end,u1_0.avg_rating,u1_0.created_at,u1_0.email,u1_0.first_name,u1_0.last_name,u1_0.password,u1_0.phone_number,u1_0.role,u1_0.trips,u1_0.updated_at,u1_1.category,u1_1.hex_adress,u1_1.id,u1_1.vehicle_id,u1_2.id from users u1_0 left join driver u1_1 on u1_0.id=u1_1.id left join passenger u1_2 on u1_0.id=u1_2.id where u1_0.email=?
Hibernate: select v1_0.id,v1_0.brand,v1_0.capacity,v1_0.fabrication_year,v1_0.license_plate,v1_0.model from vehicle v1_0 where v1_0.id=?
Hibernate: select d1_0.id,d1_1.avg_rating,d1_1.created_at,d1_1.email,d1_1.first_name,d1_1.last_name,d1_1.password,d1_1.phone_number,d1_1.role,d1_1.trips,d1_1.updated_at,d1_0.category,d1_0.hex_adress,d1_0.vehicle_id from driver d1_0 join users d1_1 on d1_0.id=d1_1.id where d1_1.email=?
Hibernate: select v1_0.id,v1_0.brand,v1_0.capacity,v1_0.fabrication_year,v1_0.license_plate,v1_0.model from vehicle v1_0 where v1_0.id=?
Hibernate: select d1_0.id,d1_1.avg_rating,d1_1.created_at,d1_1.email,d1_1.first_name,d1_1.last_name,d1_1.password,d1_1.phone_number,d1_1.role,d1_1.trips,d1_1.updated_at,d1_0.category,d1_0.hex_adress,d1_0.vehicle_id from driver d1_0 join users d1_1 on d1_0.id=d1_1.id where d1_1.email=?
Hibernate: select v1_0.id,v1_0.brand,v1_0.capacity,v1_0.fabrication_year,v1_0.license_plate,v1_0.model from vehicle v1_0 where v1_0.id=?
]]></system-out>
  </testcase>
  <testcase name="testAuthorizedAccessToUpdateDriverInfo" classname="org.e2e.e2e.driver.DriverControllerSecurityTest" time="0.072">
    <system-out><![CDATA[Hibernate: select d1_0.id,d1_1.avg_rating,d1_1.created_at,d1_1.email,d1_1.first_name,d1_1.last_name,d1_1.password,d1_1.phone_number,d1_1.role,d1_1.trips,d1_1.updated_at,d1_0.category,d1_0.hex_adress,d1_0.vehicle_id from driver d1_0 join users d1_1 on d1_0.id=d1_1.id
Hibernate: select v1_0.id,v1_0.brand,v1_0.capacity,v1_0.fabrication_year,v1_0.license_plate,v1_0.model from vehicle v1_0 where v1_0.id=?
Hibernate: delete from driver where id=?
Hibernate: delete from users where id=?
Hibernate: delete from vehicle where id=?
Hibernate: select u1_0.id,case when u1_1.id is not null then 1 when u1_2.id is not null then 2 when u1_0.id is not null then 0 end,u1_0.avg_rating,u1_0.created_at,u1_0.email,u1_0.first_name,u1_0.last_name,u1_0.password,u1_0.phone_number,u1_0.role,u1_0.trips,u1_0.updated_at,u1_1.category,u1_1.hex_adress,u1_1.id,u1_1.vehicle_id,u1_2.id from users u1_0 left join driver u1_1 on u1_0.id=u1_1.id left join passenger u1_2 on u1_0.id=u1_2.id where u1_0.email=?
Hibernate: insert into vehicle (brand,capacity,fabrication_year,license_plate,model,id) values (?,?,?,?,?,default)
Hibernate: insert into users (avg_rating,created_at,email,first_name,last_name,password,phone_number,role,trips,updated_at,id) values (?,?,?,?,?,?,?,?,?,?,?)
Hibernate: insert into driver (category,hex_adress,vehicle_id,id) values (?,?,?,?)
Token: eyJhbGciOiJIUzI1NiIsInR5cCI6IkpXVCJ9.eyJzdWIiOiJqb2huZG9lQGV4YW1wbGUuY29tIiwicm9sZSI6IlJPTEVfRFJJVkVSIiwiaWF0IjoxNzE1MTE3NjcyLCJleHAiOjE3MTUxNTM2NzJ9.NFZ4J9YIY3O1HadxNHnrLk08cuB0K6VqW95dBsyBdSY
Hibernate: select u1_0.id,case when u1_1.id is not null then 1 when u1_2.id is not null then 2 when u1_0.id is not null then 0 end,u1_0.avg_rating,u1_0.created_at,u1_0.email,u1_0.first_name,u1_0.last_name,u1_0.password,u1_0.phone_number,u1_0.role,u1_0.trips,u1_0.updated_at,u1_1.category,u1_1.hex_adress,u1_1.id,u1_1.vehicle_id,u1_2.id from users u1_0 left join driver u1_1 on u1_0.id=u1_1.id left join passenger u1_2 on u1_0.id=u1_2.id where u1_0.email=?
Hibernate: select v1_0.id,v1_0.brand,v1_0.capacity,v1_0.fabrication_year,v1_0.license_plate,v1_0.model from vehicle v1_0 where v1_0.id=?
Hibernate: select d1_0.id,d1_1.avg_rating,d1_1.created_at,d1_1.email,d1_1.first_name,d1_1.last_name,d1_1.password,d1_1.phone_number,d1_1.role,d1_1.trips,d1_1.updated_at,d1_0.category,d1_0.hex_adress,d1_0.vehicle_id from driver d1_0 join users d1_1 on d1_0.id=d1_1.id where d1_1.email=?
Hibernate: select v1_0.id,v1_0.brand,v1_0.capacity,v1_0.fabrication_year,v1_0.license_plate,v1_0.model from vehicle v1_0 where v1_0.id=?
Hibernate: select d1_0.id,d1_1.avg_rating,d1_1.created_at,d1_1.email,d1_1.first_name,d1_1.last_name,d1_1.password,d1_1.phone_number,d1_1.role,d1_1.trips,d1_1.updated_at,d1_0.category,d1_0.hex_adress,d1_0.vehicle_id from driver d1_0 join users d1_1 on d1_0.id=d1_1.id where d1_1.email=?
Hibernate: select v1_0.id,v1_0.brand,v1_0.capacity,v1_0.fabrication_year,v1_0.license_plate,v1_0.model from vehicle v1_0 where v1_0.id=?
Hibernate: update users set avg_rating=?,created_at=?,email=?,first_name=?,last_name=?,password=?,phone_number=?,role=?,trips=?,updated_at=? where id=?
]]></system-out>
  </testcase>
  <testcase name="testUnauthorizedAccessToDeleteDriverById" classname="org.e2e.e2e.driver.DriverControllerSecurityTest" time="0.132">
    <system-out><![CDATA[Hibernate: select d1_0.id,d1_1.avg_rating,d1_1.created_at,d1_1.email,d1_1.first_name,d1_1.last_name,d1_1.password,d1_1.phone_number,d1_1.role,d1_1.trips,d1_1.updated_at,d1_0.category,d1_0.hex_adress,d1_0.vehicle_id from driver d1_0 join users d1_1 on d1_0.id=d1_1.id
Hibernate: select v1_0.id,v1_0.brand,v1_0.capacity,v1_0.fabrication_year,v1_0.license_plate,v1_0.model from vehicle v1_0 where v1_0.id=?
Hibernate: delete from driver where id=?
Hibernate: delete from users where id=?
Hibernate: delete from vehicle where id=?
Hibernate: select u1_0.id,case when u1_1.id is not null then 1 when u1_2.id is not null then 2 when u1_0.id is not null then 0 end,u1_0.avg_rating,u1_0.created_at,u1_0.email,u1_0.first_name,u1_0.last_name,u1_0.password,u1_0.phone_number,u1_0.role,u1_0.trips,u1_0.updated_at,u1_1.category,u1_1.hex_adress,u1_1.id,u1_1.vehicle_id,u1_2.id from users u1_0 left join driver u1_1 on u1_0.id=u1_1.id left join passenger u1_2 on u1_0.id=u1_2.id where u1_0.email=?
Hibernate: insert into vehicle (brand,capacity,fabrication_year,license_plate,model,id) values (?,?,?,?,?,default)
Hibernate: insert into users (avg_rating,created_at,email,first_name,last_name,password,phone_number,role,trips,updated_at,id) values (?,?,?,?,?,?,?,?,?,?,?)
Hibernate: insert into driver (category,hex_adress,vehicle_id,id) values (?,?,?,?)
Token: eyJhbGciOiJIUzI1NiIsInR5cCI6IkpXVCJ9.eyJzdWIiOiJqb2huZG9lQGV4YW1wbGUuY29tIiwicm9sZSI6IlJPTEVfRFJJVkVSIiwiaWF0IjoxNzE1MTE3NjcyLCJleHAiOjE3MTUxNTM2NzJ9.NFZ4J9YIY3O1HadxNHnrLk08cuB0K6VqW95dBsyBdSY
Hibernate: select u1_0.id,case when u1_1.id is not null then 1 when u1_2.id is not null then 2 when u1_0.id is not null then 0 end,u1_0.avg_rating,u1_0.created_at,u1_0.email,u1_0.first_name,u1_0.last_name,u1_0.password,u1_0.phone_number,u1_0.role,u1_0.trips,u1_0.updated_at,u1_1.category,u1_1.hex_adress,u1_1.id,u1_1.vehicle_id,u1_2.id from users u1_0 left join driver u1_1 on u1_0.id=u1_1.id left join passenger u1_2 on u1_0.id=u1_2.id where u1_0.email=?
Hibernate: insert into vehicle (brand,capacity,fabrication_year,license_plate,model,id) values (?,?,?,?,?,default)
Hibernate: insert into users (avg_rating,created_at,email,first_name,last_name,password,phone_number,role,trips,updated_at,id) values (?,?,?,?,?,?,?,?,?,?,?)
Hibernate: insert into driver (category,hex_adress,vehicle_id,id) values (?,?,?,?)
Hibernate: select d1_0.id,d1_1.avg_rating,d1_1.created_at,d1_1.email,d1_1.first_name,d1_1.last_name,d1_1.password,d1_1.phone_number,d1_1.role,d1_1.trips,d1_1.updated_at,d1_0.category,d1_0.hex_adress,d1_0.vehicle_id from driver d1_0 join users d1_1 on d1_0.id=d1_1.id where d1_1.email=?
Hibernate: select v1_0.id,v1_0.brand,v1_0.capacity,v1_0.fabrication_year,v1_0.license_plate,v1_0.model from vehicle v1_0 where v1_0.id=?
Hibernate: select d1_0.id,d1_1.avg_rating,d1_1.created_at,d1_1.email,d1_1.first_name,d1_1.last_name,d1_1.password,d1_1.phone_number,d1_1.role,d1_1.trips,d1_1.updated_at,d1_0.category,d1_0.hex_adress,d1_0.vehicle_id from driver d1_0 join users d1_1 on d1_0.id=d1_1.id where d1_1.email=?
Hibernate: select v1_0.id,v1_0.brand,v1_0.capacity,v1_0.fabrication_year,v1_0.license_plate,v1_0.model from vehicle v1_0 where v1_0.id=?
]]></system-out>
  </testcase>
  <testcase name="testUnauthorizedAccessToUpdateDriverInfo" classname="org.e2e.e2e.driver.DriverControllerSecurityTest" time="0.132">
    <system-out><![CDATA[Hibernate: select d1_0.id,d1_1.avg_rating,d1_1.created_at,d1_1.email,d1_1.first_name,d1_1.last_name,d1_1.password,d1_1.phone_number,d1_1.role,d1_1.trips,d1_1.updated_at,d1_0.category,d1_0.hex_adress,d1_0.vehicle_id from driver d1_0 join users d1_1 on d1_0.id=d1_1.id
Hibernate: select v1_0.id,v1_0.brand,v1_0.capacity,v1_0.fabrication_year,v1_0.license_plate,v1_0.model from vehicle v1_0 where v1_0.id=?
Hibernate: select v1_0.id,v1_0.brand,v1_0.capacity,v1_0.fabrication_year,v1_0.license_plate,v1_0.model from vehicle v1_0 where v1_0.id=?
Hibernate: delete from driver where id=?
Hibernate: delete from users where id=?
Hibernate: delete from vehicle where id=?
Hibernate: delete from driver where id=?
Hibernate: delete from users where id=?
Hibernate: delete from vehicle where id=?
Hibernate: select u1_0.id,case when u1_1.id is not null then 1 when u1_2.id is not null then 2 when u1_0.id is not null then 0 end,u1_0.avg_rating,u1_0.created_at,u1_0.email,u1_0.first_name,u1_0.last_name,u1_0.password,u1_0.phone_number,u1_0.role,u1_0.trips,u1_0.updated_at,u1_1.category,u1_1.hex_adress,u1_1.id,u1_1.vehicle_id,u1_2.id from users u1_0 left join driver u1_1 on u1_0.id=u1_1.id left join passenger u1_2 on u1_0.id=u1_2.id where u1_0.email=?
Hibernate: insert into vehicle (brand,capacity,fabrication_year,license_plate,model,id) values (?,?,?,?,?,default)
Hibernate: insert into users (avg_rating,created_at,email,first_name,last_name,password,phone_number,role,trips,updated_at,id) values (?,?,?,?,?,?,?,?,?,?,?)
Hibernate: insert into driver (category,hex_adress,vehicle_id,id) values (?,?,?,?)
Token: eyJhbGciOiJIUzI1NiIsInR5cCI6IkpXVCJ9.eyJzdWIiOiJqb2huZG9lQGV4YW1wbGUuY29tIiwicm9sZSI6IlJPTEVfRFJJVkVSIiwiaWF0IjoxNzE1MTE3NjczLCJleHAiOjE3MTUxNTM2NzN9.UHqHUcIfWRHuXonK2n0Ce8euzRl0NaSBI2vuwUbVFKQ
Hibernate: select u1_0.id,case when u1_1.id is not null then 1 when u1_2.id is not null then 2 when u1_0.id is not null then 0 end,u1_0.avg_rating,u1_0.created_at,u1_0.email,u1_0.first_name,u1_0.last_name,u1_0.password,u1_0.phone_number,u1_0.role,u1_0.trips,u1_0.updated_at,u1_1.category,u1_1.hex_adress,u1_1.id,u1_1.vehicle_id,u1_2.id from users u1_0 left join driver u1_1 on u1_0.id=u1_1.id left join passenger u1_2 on u1_0.id=u1_2.id where u1_0.email=?
Hibernate: insert into vehicle (brand,capacity,fabrication_year,license_plate,model,id) values (?,?,?,?,?,default)
Hibernate: insert into users (avg_rating,created_at,email,first_name,last_name,password,phone_number,role,trips,updated_at,id) values (?,?,?,?,?,?,?,?,?,?,?)
Hibernate: insert into driver (category,hex_adress,vehicle_id,id) values (?,?,?,?)
Hibernate: select d1_0.id,d1_1.avg_rating,d1_1.created_at,d1_1.email,d1_1.first_name,d1_1.last_name,d1_1.password,d1_1.phone_number,d1_1.role,d1_1.trips,d1_1.updated_at,d1_0.category,d1_0.hex_adress,d1_0.vehicle_id from driver d1_0 join users d1_1 on d1_0.id=d1_1.id where d1_1.email=?
Hibernate: select v1_0.id,v1_0.brand,v1_0.capacity,v1_0.fabrication_year,v1_0.license_plate,v1_0.model from vehicle v1_0 where v1_0.id=?
Hibernate: select d1_0.id,d1_1.avg_rating,d1_1.created_at,d1_1.email,d1_1.first_name,d1_1.last_name,d1_1.password,d1_1.phone_number,d1_1.role,d1_1.trips,d1_1.updated_at,d1_0.category,d1_0.hex_adress,d1_0.vehicle_id from driver d1_0 join users d1_1 on d1_0.id=d1_1.id where d1_1.email=?
Hibernate: select v1_0.id,v1_0.brand,v1_0.capacity,v1_0.fabrication_year,v1_0.license_plate,v1_0.model from vehicle v1_0 where v1_0.id=?
]]></system-out>
  </testcase>
</testsuite>